[Wed Mar 25 20:28:55 KST 2026] === HOFINET (a)/(b) Multi-seed ===

===== gbt =====
[Wed Mar 25 20:28:55 KST 2026] gbt s2024 (a)
(E): Best test F1Mi=0.9001, F1Ma=0.6088, F1_susp=0.2712
[Wed Mar 25 20:30:25 KST 2026] gbt s2024 (b)
(E): Best test F1Mi=0.9807, F1Ma=0.8400, F1_susp=0.6900
[Wed Mar 25 20:31:53 KST 2026] gbt s2025 (a)
(E): Best test F1Mi=0.9034, F1Ma=0.6080, F1_susp=0.2678
[Wed Mar 25 20:33:24 KST 2026] gbt s2025 (b)
(E): Best test F1Mi=0.9796, F1Ma=0.8304, F1_susp=0.6714
[Wed Mar 25 20:35:01 KST 2026] gbt s2026 (a)
(E): Best test F1Mi=0.8968, F1Ma=0.6065, F1_susp=0.2685
[Wed Mar 25 20:36:34 KST 2026] gbt s2026 (b)
(E): Best test F1Mi=0.9796, F1Ma=0.8330, F1_susp=0.6765
[Wed Mar 25 20:37:59 KST 2026] gbt s2027 (a)
(E): Best test F1Mi=0.9029, F1Ma=0.6125, F1_susp=0.2771
[Wed Mar 25 20:39:31 KST 2026] gbt s2027 (b)
(E): Best test F1Mi=0.9791, F1Ma=0.8324, F1_susp=0.6756

===== bgrl =====
[Wed Mar 25 20:40:55 KST 2026] bgrl s2024 (a)
(E): Best test F1Mi=0.9331, F1Ma=0.6383, F1_susp=0.3117
[Wed Mar 25 20:42:14 KST 2026] bgrl s2024 (b)
(E): Best test F1Mi=0.9716, F1Ma=0.7743, F1_susp=0.5633
[Wed Mar 25 20:43:38 KST 2026] bgrl s2025 (a)
(E): Best test F1Mi=0.9337, F1Ma=0.6382, F1_susp=0.3112
[Wed Mar 25 20:44:55 KST 2026] bgrl s2025 (b)
(E): Best test F1Mi=0.9711, F1Ma=0.7729, F1_susp=0.5608
[Wed Mar 25 20:46:20 KST 2026] bgrl s2026 (a)
(E): Best test F1Mi=0.9342, F1Ma=0.6397, F1_susp=0.3139
[Wed Mar 25 20:47:38 KST 2026] bgrl s2026 (b)
(E): Best test F1Mi=0.9719, F1Ma=0.7811, F1_susp=0.5767
[Wed Mar 25 20:49:00 KST 2026] bgrl s2027 (a)
(E): Best test F1Mi=0.9337, F1Ma=0.6395, F1_susp=0.3138
[Wed Mar 25 20:50:19 KST 2026] bgrl s2027 (b)
(E): Best test F1Mi=0.9699, F1Ma=0.7721, F1_susp=0.5598

===== dgi_bn =====
[Wed Mar 25 20:51:43 KST 2026] dgi_bn s2024 (a)
(E): Best test F1Mi=0.9001, F1Ma=0.6088, F1_susp=0.2712
[Wed Mar 25 20:53:13 KST 2026] dgi_bn s2024 (b)
(E): Best test F1Mi=0.9806, F1Ma=0.8393, F1_susp=0.6886
[Wed Mar 25 20:54:39 KST 2026] dgi_bn s2025 (a)
(E): Best test F1Mi=0.9042, F1Ma=0.6093, F1_susp=0.2698
[Wed Mar 25 20:56:06 KST 2026] dgi_bn s2025 (b)
(E): Best test F1Mi=0.9795, F1Ma=0.8300, F1_susp=0.6707
[Wed Mar 25 20:57:39 KST 2026] dgi_bn s2026 (a)
(E): Best test F1Mi=0.8957, F1Ma=0.6055, F1_susp=0.2671
[Wed Mar 25 20:59:09 KST 2026] dgi_bn s2026 (b)
(E): Best test F1Mi=0.9796, F1Ma=0.8330, F1_susp=0.6765
[Wed Mar 25 21:00:39 KST 2026] dgi_bn s2027 (a)
(E): Best test F1Mi=0.9014, F1Ma=0.6100, F1_susp=0.2729
[Wed Mar 25 21:02:10 KST 2026] dgi_bn s2027 (b)
(E): Best test F1Mi=0.9790, F1Ma=0.8320, F1_susp=0.6749

===== mvgrl_bn =====
[Wed Mar 25 21:03:38 KST 2026] mvgrl_bn s2024 (a)
(E): Best test F1Mi=0.9015, F1Ma=0.6109, F1_susp=0.2747
[Wed Mar 25 21:05:07 KST 2026] mvgrl_bn s2024 (b)
(E): Best test F1Mi=0.9805, F1Ma=0.8386, F1_susp=0.6872
[Wed Mar 25 21:06:39 KST 2026] mvgrl_bn s2025 (a)
(E): Best test F1Mi=0.9034, F1Ma=0.6081, F1_susp=0.2679
[Wed Mar 25 21:08:12 KST 2026] mvgrl_bn s2025 (b)
(E): Best test F1Mi=0.9794, F1Ma=0.8293, F1_susp=0.6693
[Wed Mar 25 21:09:43 KST 2026] mvgrl_bn s2026 (a)
(E): Best test F1Mi=0.8958, F1Ma=0.6056, F1_susp=0.2672
[Wed Mar 25 21:11:14 KST 2026] mvgrl_bn s2026 (b)
(E): Best test F1Mi=0.9795, F1Ma=0.8325, F1_susp=0.6755
[Wed Mar 25 21:12:40 KST 2026] mvgrl_bn s2027 (a)
(E): Best test F1Mi=0.9026, F1Ma=0.6124, F1_susp=0.2770
[Wed Mar 25 21:14:09 KST 2026] mvgrl_bn s2027 (b)
(E): Best test F1Mi=0.9790, F1Ma=0.8321, F1_susp=0.6751

===== grace_bn =====
[Wed Mar 25 21:15:36 KST 2026] grace_bn s2024 (a)
(E): Best test F1Mi=0.9136, F1Ma=0.6224, F1_susp=0.2907
[Wed Mar 25 21:17:04 KST 2026] grace_bn s2024 (b)
(E): Best test F1Mi=0.9805, F1Ma=0.8380, F1_susp=0.6861
[Wed Mar 25 21:18:35 KST 2026] grace_bn s2025 (a)
(E): Best test F1Mi=0.9182, F1Ma=0.6236, F1_susp=0.2905
[Wed Mar 25 21:20:01 KST 2026] grace_bn s2025 (b)
(E): Best test F1Mi=0.9795, F1Ma=0.8297, F1_susp=0.6700
[Wed Mar 25 21:21:31 KST 2026] grace_bn s2026 (a)
(E): Best test F1Mi=0.9090, F1Ma=0.6145, F1_susp=0.2777
[Wed Mar 25 21:22:59 KST 2026] grace_bn s2026 (b)
(E): Best test F1Mi=0.9793, F1Ma=0.8292, F1_susp=0.6690
[Wed Mar 25 21:24:28 KST 2026] grace_bn s2027 (a)
(E): Best test F1Mi=0.9132, F1Ma=0.6200, F1_susp=0.2862
[Wed Mar 25 21:25:54 KST 2026] grace_bn s2027 (b)
(E): Best test F1Mi=0.9792, F1Ma=0.8333, F1_susp=0.6774

===== gin =====
[Wed Mar 25 21:27:21 KST 2026] gin s2024 (a)
(E): Best test F1Mi=0.8255, F1Ma=0.5239, F1_susp=0.1450
[Wed Mar 25 21:28:12 KST 2026] gin s2024 (b)
(E): Best test F1Mi=0.9737, F1Ma=0.7709, F1_susp=0.5553
[Wed Mar 25 21:29:01 KST 2026] gin s2025 (a)
(E): Best test F1Mi=0.8783, F1Ma=0.5575, F1_susp=0.1808
[Wed Mar 25 21:29:52 KST 2026] gin s2025 (b)
(E): Best test F1Mi=0.9718, F1Ma=0.7620, F1_susp=0.5385
[Wed Mar 25 21:30:42 KST 2026] gin s2026 (a)
(E): Best test F1Mi=0.8137, F1Ma=0.5135, F1_susp=0.1314
[Wed Mar 25 21:31:37 KST 2026] gin s2026 (b)
(E): Best test F1Mi=0.9760, F1Ma=0.7793, F1_susp=0.5710
[Wed Mar 25 21:32:27 KST 2026] gin s2027 (a)
(E): Best test F1Mi=0.8438, F1Ma=0.5338, F1_susp=0.1536
[Wed Mar 25 21:33:22 KST 2026] gin s2027 (b)
(E): Best test F1Mi=0.9719, F1Ma=0.7563, F1_susp=0.5271

===== dgi =====
[Wed Mar 25 21:34:11 KST 2026] dgi s2024 (a)
(E): Best test F1Mi=0.1242, F1Ma=0.1181, F1_susp=0.0450
[Wed Mar 25 21:35:36 KST 2026] dgi s2024 (b)
(E): Best test F1Mi=0.3097, F1Ma=0.2563, F1_susp=0.0569
[Wed Mar 25 21:37:07 KST 2026] dgi s2025 (a)
(E): Best test F1Mi=0.1192, F1Ma=0.1137, F1_susp=0.0441
[Wed Mar 25 21:38:38 KST 2026] dgi s2025 (b)
(E): Best test F1Mi=0.2010, F1Ma=0.1799, F1_susp=0.0486
[Wed Mar 25 21:40:05 KST 2026] dgi s2026 (a)
(E): Best test F1Mi=0.0774, F1Ma=0.0763, F1_susp=0.0443
[Wed Mar 25 21:41:32 KST 2026] dgi s2026 (b)
(E): Best test F1Mi=0.4036, F1Ma=0.3136, F1_susp=0.0652
[Wed Mar 25 21:43:00 KST 2026] dgi s2027 (a)
(E): Best test F1Mi=0.0924, F1Ma=0.0902, F1_susp=0.0454
[Wed Mar 25 21:44:30 KST 2026] dgi s2027 (b)
(E): Best test F1Mi=0.3168, F1Ma=0.2615, F1_susp=0.0593

===== mvgrl =====
[Wed Mar 25 21:45:57 KST 2026] mvgrl s2024 (a)
(E): Best test F1Mi=0.1094, F1Ma=0.1053, F1_susp=0.0448
[Wed Mar 25 21:47:28 KST 2026] mvgrl s2024 (b)
(E): Best test F1Mi=0.3125, F1Ma=0.2582, F1_susp=0.0576
[Wed Mar 25 21:48:59 KST 2026] mvgrl s2025 (a)
(E): Best test F1Mi=0.1065, F1Ma=0.1026, F1_susp=0.0432
[Wed Mar 25 21:50:28 KST 2026] mvgrl s2025 (b)
(E): Best test F1Mi=0.2938, F1Ma=0.2455, F1_susp=0.0547
[Wed Mar 25 21:51:57 KST 2026] mvgrl s2026 (a)
(E): Best test F1Mi=0.0814, F1Ma=0.0800, F1_susp=0.0445
[Wed Mar 25 21:53:25 KST 2026] mvgrl s2026 (b)
(E): Best test F1Mi=0.3253, F1Ma=0.2664, F1_susp=0.0584
[Wed Mar 25 21:54:55 KST 2026] mvgrl s2027 (a)
(E): Best test F1Mi=0.1011, F1Ma=0.0981, F1_susp=0.0456
[Wed Mar 25 21:56:26 KST 2026] mvgrl s2027 (b)
(E): Best test F1Mi=0.2843, F1Ma=0.2402, F1_susp=0.0572

===== grace =====
[Wed Mar 25 21:57:55 KST 2026] grace s2024 (a)
(E): Best test F1Mi=0.1119, F1Ma=0.1075, F1_susp=0.0446
[Wed Mar 25 21:59:22 KST 2026] grace s2024 (b)
(E): Best test F1Mi=0.2892, F1Ma=0.2431, F1_susp=0.0561
[Wed Mar 25 22:00:48 KST 2026] grace s2025 (a)
(E): Best test F1Mi=0.1281, F1Ma=0.1215, F1_susp=0.0452
[Wed Mar 25 22:02:14 KST 2026] grace s2025 (b)
(E): Best test F1Mi=0.3300, F1Ma=0.2690, F1_susp=0.0578
[Wed Mar 25 22:03:41 KST 2026] grace s2026 (a)
(E): Best test F1Mi=0.0792, F1Ma=0.0779, F1_susp=0.0443
[Wed Mar 25 22:05:08 KST 2026] grace s2026 (b)
(E): Best test F1Mi=0.2905, F1Ma=0.2440, F1_susp=0.0564
[Wed Mar 25 22:06:35 KST 2026] grace s2027 (a)
(E): Best test F1Mi=0.0717, F1Ma=0.0710, F1_susp=0.0447
[Wed Mar 25 22:08:02 KST 2026] grace s2027 (b)
(E): Best test F1Mi=0.2837, F1Ma=0.2398, F1_susp=0.0570

===== gca =====
[Wed Mar 25 22:09:33 KST 2026] gca s2024 (a)
(E): Best test F1Mi=0.1351, F1Ma=0.1274, F1_susp=0.0453
[Wed Mar 25 22:11:01 KST 2026] gca s2024 (b)
(E): Best test F1Mi=0.4130, F1Ma=0.3189, F1_susp=0.0657
[Wed Mar 25 22:12:29 KST 2026] gca s2025 (a)
(E): Best test F1Mi=0.1658, F1Ma=0.1524, F1_susp=0.0456
[Wed Mar 25 22:13:56 KST 2026] gca s2025 (b)
(E): Best test F1Mi=0.3668, F1Ma=0.2915, F1_susp=0.0605
[Wed Mar 25 22:15:25 KST 2026] gca s2026 (a)
(E): Best test F1Mi=0.1716, F1Ma=0.1575, F1_susp=0.0486
[Wed Mar 25 22:16:55 KST 2026] gca s2026 (b)
(E): Best test F1Mi=0.4373, F1Ma=0.3329, F1_susp=0.0690
[Wed Mar 25 22:18:24 KST 2026] gca s2027 (a)
(E): Best test F1Mi=0.1568, F1Ma=0.1455, F1_susp=0.0472
[Wed Mar 25 22:19:53 KST 2026] gca s2027 (b)
(E): Best test F1Mi=0.3286, F1Ma=0.2690, F1_susp=0.0603

[Wed Mar 25 22:21:49 KST 2026] === Complete ===
81 ./results/exp_results_hofinet_ab.csv
